********************************************************************************
PACKAGE-LOG: 2016-03-04 21:03:57
NOTICE: Do NOT post to public sites or forums 
********************************************************************************
VERSION:	1.1.4
WORDPRESS:	4.4.2
PHP INFO:	5.5.24 | SAPI: apache2handler
SERVER:		Apache/2.4.12 (Win32) OpenSSL/1.0.1l PHP/5.5.24 
PHP TIME LIMIT: (0) no time limit imposed 
PHP MAX MEMORY: 5000M (512M default) 
MEMORY STACK: 19MB 

********************************************************************************
DATABASE:
********************************************************************************
BUILD MODE:   PHP(query limit - 100)
MYSQLTIMEOUT: 5000
MYSQLDUMP:    Is Supported 
TABLES: total:13 | filtered:0 | create:13 
FILTERED: [] 
SQL CREATED: 20160304_delicapparel_56d9f831d12f14963160304210345_database.sql 
SQL FILE SIZE: 911.68KB (933556) 
SQL FILE TIME: 2016-03-04 21:03:57 
SQL RUNTIME: 0.51 sec. 

******************************************************************************** 
ARCHIVE (ZIP): 
******************************************************************************** 
ARCHIVE DIR:  C:/Users/djbla/OneDrive/Documents/Websites/www.delicapparel.dev 
ARCHIVE FILE: 20160304_delicapparel_56d9f831d12f14963160304210345_archive.zip 
FILTERS: *OFF* 
DIRS:  not set 
EXTS:  not set 
---------------------------------------- 
COMPRESSING 
SIZE:	51.55MB 
STATS:	Dirs 586 | Files 4,229 
SQL ADDED: 20160304_delicapparel_56d9f831d12f14963160304210345_database.sql 
ZipArchive Object
(
    [status] => 0
    [statusSys] => 0
    [numFiles] => 4815
    [filename] => C:\Users\djbla\OneDrive\Documents\Websites\www.delicapparel.dev\wp-snapshots\tmp\20160304_delicapparel_56d9f831d12f14963160304210345_archive.zip
    [comment] => 
)
 
COMPRESSION RESULT: '1' 
COMPRESSED SIZE: 32.26MB 
ARCHIVE RUNTIME: 42.56 sec. 
MEMORY STACK: 20.5MB 

******************************************************************************** 
MAKE INSTALLER: 
******************************************************************************** 
Build Start 
Build Finished 
Preping for use 
Template parsed with new data 
Complete [C:/Users/djbla/OneDrive/Documents/Websites/www.delicapparel.dev/wp-snapshots/tmp/20160304_delicapparel_56d9f831d12f14963160304210345_installer.php] 
Added to archive 

******************************************************************************** 
INTEGRITY CHECKS: 
******************************************************************************** 
SQL File: 911.68KB 
Installer File: 318.89KB 
Archive File: 32.26MB  

********************************************************************************
RECORD ID:[1]
TOTAL PROCESS RUNTIME: 44.17 sec.
PEAK PHP MEMORY USED: 22.5MB
DONE PROCESSING => 20160304_delicapparel 2016-03-04 21:04:41
 
